<?xml version="1.0" encoding="UTF-8"?>
<testsuite xmlns:xsi="http://www.w3.org/2001/XMLSchema-instance" xsi:noNamespaceSchemaLocation="https://maven.apache.org/surefire/maven-surefire-plugin/xsd/surefire-test-report-3.0.xsd" version="3.0" name="LabCorp UserAPI scenarios" time="4.955" tests="1" errors="0" skipped="0" failures="0">
  <properties>
    <property name="sun.desktop" value="windows"/>
    <property name="awt.toolkit" value="sun.awt.windows.WToolkit"/>
    <property name="file.encoding.pkg" value="sun.io"/>
    <property name="java.specification.version" value="1.8"/>
    <property name="sun.cpu.isalist" value="amd64"/>
    <property name="sun.jnu.encoding" value="Cp1252"/>
    <property name="java.class.path" value="C:\Users\elshan.rasulov\workspace\LabCorp\target\test-classes;C:\Users\elshan.rasulov\workspace\LabCorp\target\classes;C:\Users\elshan.rasulov\.m2\repository\io\rest-assured\rest-assured\4.5.1\rest-assured-4.5.1.jar;C:\Users\elshan.rasulov\.m2\repository\org\codehaus\groovy\groovy\3.0.9\groovy-3.0.9.jar;C:\Users\elshan.rasulov\.m2\repository\org\codehaus\groovy\groovy-xml\3.0.9\groovy-xml-3.0.9.jar;C:\Users\elshan.rasulov\.m2\repository\org\apache\httpcomponents\httpclient\4.5.13\httpclient-4.5.13.jar;C:\Users\elshan.rasulov\.m2\repository\org\apache\httpcomponents\httpcore\4.4.13\httpcore-4.4.13.jar;C:\Users\elshan.rasulov\.m2\repository\commons-logging\commons-logging\1.2\commons-logging-1.2.jar;C:\Users\elshan.rasulov\.m2\repository\commons-codec\commons-codec\1.11\commons-codec-1.11.jar;C:\Users\elshan.rasulov\.m2\repository\org\apache\httpcomponents\httpmime\4.5.13\httpmime-4.5.13.jar;C:\Users\elshan.rasulov\.m2\repository\org\hamcrest\hamcrest\2.1\hamcrest-2.1.jar;C:\Users\elshan.rasulov\.m2\repository\org\ccil\cowan\tagsoup\tagsoup\1.2.1\tagsoup-1.2.1.jar;C:\Users\elshan.rasulov\.m2\repository\io\rest-assured\json-path\4.5.1\json-path-4.5.1.jar;C:\Users\elshan.rasulov\.m2\repository\org\codehaus\groovy\groovy-json\3.0.9\groovy-json-3.0.9.jar;C:\Users\elshan.rasulov\.m2\repository\io\rest-assured\rest-assured-common\4.5.1\rest-assured-common-4.5.1.jar;C:\Users\elshan.rasulov\.m2\repository\io\rest-assured\xml-path\4.5.1\xml-path-4.5.1.jar;C:\Users\elshan.rasulov\.m2\repository\org\apache\commons\commons-lang3\3.11\commons-lang3-3.11.jar;C:\Users\elshan.rasulov\.m2\repository\junit\junit\4.13.2\junit-4.13.2.jar;C:\Users\elshan.rasulov\.m2\repository\org\hamcrest\hamcrest-core\1.3\hamcrest-core-1.3.jar;C:\Users\elshan.rasulov\.m2\repository\com\jayway\jsonpath\json-path\2.7.0\json-path-2.7.0.jar;C:\Users\elshan.rasulov\.m2\repository\net\minidev\json-smart\2.4.7\json-smart-2.4.7.jar;C:\Users\elshan.rasulov\.m2\repository\net\minidev\accessors-smart\2.4.7\accessors-smart-2.4.7.jar;C:\Users\elshan.rasulov\.m2\repository\org\ow2\asm\asm\9.1\asm-9.1.jar;C:\Users\elshan.rasulov\.m2\repository\org\slf4j\slf4j-api\1.7.33\slf4j-api-1.7.33.jar;C:\Users\elshan.rasulov\.m2\repository\commons-io\commons-io\2.4\commons-io-2.4.jar;C:\Users\elshan.rasulov\.m2\repository\com\fasterxml\jackson\core\jackson-databind\2.13.3\jackson-databind-2.13.3.jar;C:\Users\elshan.rasulov\.m2\repository\com\fasterxml\jackson\core\jackson-annotations\2.13.3\jackson-annotations-2.13.3.jar;C:\Users\elshan.rasulov\.m2\repository\com\fasterxml\jackson\core\jackson-core\2.13.3\jackson-core-2.13.3.jar;C:\Users\elshan.rasulov\.m2\repository\io\cucumber\cucumber-java\4.8.1\cucumber-java-4.8.1.jar;C:\Users\elshan.rasulov\.m2\repository\io\cucumber\cucumber-core\4.8.1\cucumber-core-4.8.1.jar;C:\Users\elshan.rasulov\.m2\repository\io\cucumber\gherkin\5.1.0\gherkin-5.1.0.jar;C:\Users\elshan.rasulov\.m2\repository\io\cucumber\tag-expressions\1.1.1\tag-expressions-1.1.1.jar;C:\Users\elshan.rasulov\.m2\repository\io\cucumber\cucumber-expressions\7.0.2\cucumber-expressions-7.0.2.jar;C:\Users\elshan.rasulov\.m2\repository\io\cucumber\datatable\1.1.14\datatable-1.1.14.jar;C:\Users\elshan.rasulov\.m2\repository\io\cucumber\datatable-dependencies\1.1.14\datatable-dependencies-1.1.14.jar;C:\Users\elshan.rasulov\.m2\repository\org\apiguardian\apiguardian-api\1.1.0\apiguardian-api-1.1.0.jar;C:\Users\elshan.rasulov\.m2\repository\io\cucumber\cucumber-junit\4.8.1\cucumber-junit-4.8.1.jar;"/>
    <property name="java.vm.vendor" value="Oracle Corporation"/>
    <property name="sun.arch.data.model" value="64"/>
    <property name="user.variant" value=""/>
    <property name="java.vendor.url" value="http://java.oracle.com/"/>
    <property name="user.timezone" value="America/New_York"/>
    <property name="java.vm.specification.version" value="1.8"/>
    <property name="os.name" value="Windows 10"/>
    <property name="user.country" value="US"/>
    <property name="sun.java.launcher" value="SUN_STANDARD"/>
    <property name="sun.boot.library.path" value="C:\Program Files\Java\jdk1.8.0_311\jre\bin"/>
    <property name="sun.java.command" value="C:\Users\elshan.rasulov\AppData\Local\Temp\surefire8895664659764190199\surefirebooter2842733962501586553.jar C:\Users\elshan.rasulov\AppData\Local\Temp\surefire8895664659764190199 2022-07-25T15-12-44_002-jvmRun1 surefire1645553757962016655tmp surefire_07788745055939260586tmp"/>
    <property name="surefire.test.class.path" value="C:\Users\elshan.rasulov\workspace\LabCorp\target\test-classes;C:\Users\elshan.rasulov\workspace\LabCorp\target\classes;C:\Users\elshan.rasulov\.m2\repository\io\rest-assured\rest-assured\4.5.1\rest-assured-4.5.1.jar;C:\Users\elshan.rasulov\.m2\repository\org\codehaus\groovy\groovy\3.0.9\groovy-3.0.9.jar;C:\Users\elshan.rasulov\.m2\repository\org\codehaus\groovy\groovy-xml\3.0.9\groovy-xml-3.0.9.jar;C:\Users\elshan.rasulov\.m2\repository\org\apache\httpcomponents\httpclient\4.5.13\httpclient-4.5.13.jar;C:\Users\elshan.rasulov\.m2\repository\org\apache\httpcomponents\httpcore\4.4.13\httpcore-4.4.13.jar;C:\Users\elshan.rasulov\.m2\repository\commons-logging\commons-logging\1.2\commons-logging-1.2.jar;C:\Users\elshan.rasulov\.m2\repository\commons-codec\commons-codec\1.11\commons-codec-1.11.jar;C:\Users\elshan.rasulov\.m2\repository\org\apache\httpcomponents\httpmime\4.5.13\httpmime-4.5.13.jar;C:\Users\elshan.rasulov\.m2\repository\org\hamcrest\hamcrest\2.1\hamcrest-2.1.jar;C:\Users\elshan.rasulov\.m2\repository\org\ccil\cowan\tagsoup\tagsoup\1.2.1\tagsoup-1.2.1.jar;C:\Users\elshan.rasulov\.m2\repository\io\rest-assured\json-path\4.5.1\json-path-4.5.1.jar;C:\Users\elshan.rasulov\.m2\repository\org\codehaus\groovy\groovy-json\3.0.9\groovy-json-3.0.9.jar;C:\Users\elshan.rasulov\.m2\repository\io\rest-assured\rest-assured-common\4.5.1\rest-assured-common-4.5.1.jar;C:\Users\elshan.rasulov\.m2\repository\io\rest-assured\xml-path\4.5.1\xml-path-4.5.1.jar;C:\Users\elshan.rasulov\.m2\repository\org\apache\commons\commons-lang3\3.11\commons-lang3-3.11.jar;C:\Users\elshan.rasulov\.m2\repository\junit\junit\4.13.2\junit-4.13.2.jar;C:\Users\elshan.rasulov\.m2\repository\org\hamcrest\hamcrest-core\1.3\hamcrest-core-1.3.jar;C:\Users\elshan.rasulov\.m2\repository\com\jayway\jsonpath\json-path\2.7.0\json-path-2.7.0.jar;C:\Users\elshan.rasulov\.m2\repository\net\minidev\json-smart\2.4.7\json-smart-2.4.7.jar;C:\Users\elshan.rasulov\.m2\repository\net\minidev\accessors-smart\2.4.7\accessors-smart-2.4.7.jar;C:\Users\elshan.rasulov\.m2\repository\org\ow2\asm\asm\9.1\asm-9.1.jar;C:\Users\elshan.rasulov\.m2\repository\org\slf4j\slf4j-api\1.7.33\slf4j-api-1.7.33.jar;C:\Users\elshan.rasulov\.m2\repository\commons-io\commons-io\2.4\commons-io-2.4.jar;C:\Users\elshan.rasulov\.m2\repository\com\fasterxml\jackson\core\jackson-databind\2.13.3\jackson-databind-2.13.3.jar;C:\Users\elshan.rasulov\.m2\repository\com\fasterxml\jackson\core\jackson-annotations\2.13.3\jackson-annotations-2.13.3.jar;C:\Users\elshan.rasulov\.m2\repository\com\fasterxml\jackson\core\jackson-core\2.13.3\jackson-core-2.13.3.jar;C:\Users\elshan.rasulov\.m2\repository\io\cucumber\cucumber-java\4.8.1\cucumber-java-4.8.1.jar;C:\Users\elshan.rasulov\.m2\repository\io\cucumber\cucumber-core\4.8.1\cucumber-core-4.8.1.jar;C:\Users\elshan.rasulov\.m2\repository\io\cucumber\gherkin\5.1.0\gherkin-5.1.0.jar;C:\Users\elshan.rasulov\.m2\repository\io\cucumber\tag-expressions\1.1.1\tag-expressions-1.1.1.jar;C:\Users\elshan.rasulov\.m2\repository\io\cucumber\cucumber-expressions\7.0.2\cucumber-expressions-7.0.2.jar;C:\Users\elshan.rasulov\.m2\repository\io\cucumber\datatable\1.1.14\datatable-1.1.14.jar;C:\Users\elshan.rasulov\.m2\repository\io\cucumber\datatable-dependencies\1.1.14\datatable-dependencies-1.1.14.jar;C:\Users\elshan.rasulov\.m2\repository\org\apiguardian\apiguardian-api\1.1.0\apiguardian-api-1.1.0.jar;C:\Users\elshan.rasulov\.m2\repository\io\cucumber\cucumber-junit\4.8.1\cucumber-junit-4.8.1.jar;"/>
    <property name="sun.cpu.endian" value="little"/>
    <property name="user.home" value="C:\Users\elshan.rasulov"/>
    <property name="user.language" value="en"/>
    <property name="java.specification.vendor" value="Oracle Corporation"/>
    <property name="java.home" value="C:\Program Files\Java\jdk1.8.0_311\jre"/>
    <property name="basedir" value="C:\Users\elshan.rasulov\workspace\LabCorp"/>
    <property name="file.separator" value="\"/>
    <property name="line.separator" value="&#10;"/>
    <property name="java.vm.specification.vendor" value="Oracle Corporation"/>
    <property name="java.specification.name" value="Java Platform API Specification"/>
    <property name="java.awt.graphicsenv" value="sun.awt.Win32GraphicsEnvironment"/>
    <property name="surefire.real.class.path" value="C:\Users\elshan.rasulov\AppData\Local\Temp\surefire8895664659764190199\surefirebooter2842733962501586553.jar"/>
    <property name="sun.boot.class.path" value="C:\Program Files\Java\jdk1.8.0_311\jre\lib\resources.jar;C:\Program Files\Java\jdk1.8.0_311\jre\lib\rt.jar;C:\Program Files\Java\jdk1.8.0_311\jre\lib\sunrsasign.jar;C:\Program Files\Java\jdk1.8.0_311\jre\lib\jsse.jar;C:\Program Files\Java\jdk1.8.0_311\jre\lib\jce.jar;C:\Program Files\Java\jdk1.8.0_311\jre\lib\charsets.jar;C:\Program Files\Java\jdk1.8.0_311\jre\lib\jfr.jar;C:\Program Files\Java\jdk1.8.0_311\jre\classes"/>
    <property name="user.script" value=""/>
    <property name="sun.management.compiler" value="HotSpot 64-Bit Tiered Compilers"/>
    <property name="java.runtime.version" value="1.8.0_311-b11"/>
    <property name="user.name" value="elshan.rasulov"/>
    <property name="path.separator" value=";"/>
    <property name="os.version" value="10.0"/>
    <property name="java.endorsed.dirs" value="C:\Program Files\Java\jdk1.8.0_311\jre\lib\endorsed"/>
    <property name="java.runtime.name" value="Java(TM) SE Runtime Environment"/>
    <property name="file.encoding" value="Cp1252"/>
    <property name="java.vm.name" value="Java HotSpot(TM) 64-Bit Server VM"/>
    <property name="localRepository" value="C:\Users\elshan.rasulov\.m2\repository"/>
    <property name="java.vendor.url.bug" value="http://bugreport.sun.com/bugreport/"/>
    <property name="java.io.tmpdir" value="C:\Users\ELSHAN~1.RAS\AppData\Local\Temp\"/>
    <property name="java.version" value="1.8.0_311"/>
    <property name="user.dir" value="C:\Users\elshan.rasulov\workspace\LabCorp"/>
    <property name="os.arch" value="amd64"/>
    <property name="java.vm.specification.name" value="Java Virtual Machine Specification"/>
    <property name="java.awt.printerjob" value="sun.awt.windows.WPrinterJob"/>
    <property name="sun.os.patch.level" value=""/>
    <property name="java.library.path" value="C:\Program Files\Java\jdk1.8.0_311\jre\bin;C:\WINDOWS\Sun\Java\bin;C:\WINDOWS\system32;C:\WINDOWS;C:/Program Files/Java/jre1.8.0_311/bin/server;C:/Program Files/Java/jre1.8.0_311/bin;C:/Program Files/Java/jre1.8.0_311/lib/amd64;C:\Program Files\Common Files\Oracle\Java\javapath;C:\Program Files (x86)\Common Files\Oracle\Java\javapath;C:\ProgramData\Oracle\Java\javapath;C:\WINDOWS\system32;C:\WINDOWS;C:\WINDOWS\System32\Wbem;C:\WINDOWS\System32\WindowsPowerShell\v1.0\;C:\Program Files (x86)\WebEx\Productivity Tools;C:\WINDOWS\System32\OpenSSH\;C:\Users\elshan.rasulov\AppData\Local\Microsoft\WindowsApps;C:\Program Files\Maven\apache-maven-3.8.3\bin;C:\Program Files\Java\jdk1.8.0_311\bin;;C:\Users\elshan.rasulov\Documents\eclipse-java-neon-2-win32-x86_64\eclipse;;."/>
    <property name="java.vm.info" value="mixed mode"/>
    <property name="java.vendor" value="Oracle Corporation"/>
    <property name="java.vm.version" value="25.311-b11"/>
    <property name="java.ext.dirs" value="C:\Program Files\Java\jdk1.8.0_311\jre\lib\ext;C:\WINDOWS\Sun\Java\lib\ext"/>
    <property name="sun.io.unicode.encoding" value="UnicodeLittle"/>
    <property name="java.class.version" value="52.0"/>
  </properties>
  <testcase name="Add new user - End to ENd scenario" classname="LabCorp UserAPI scenarios" time="4.955">
    <system-out><![CDATA[Feature: LabCorp UserAPI scenarios



  @Test

  Scenario: Add new user - End to ENd scenario      # src/test/resources/features/UserAPI.feature:5

{
  "createdAt" : 1631825833,
  "employee_firstname" : "John",
  "employee_lastname" : "Smith",
  "employee_phonenumbe" : "264-783-9453",
  "ademployee_emaildress" : "johnSmith@gmail.com",
  "citemployee_addressy" : "Reston",
  "stateemployee_dev_level" : "Virginia",
  "employee_gender" : "male",
  "employee_hire_date" : "2025-10-31T163545.426Z",
  "employee_onleave" : true,
  "tech_stack" : null,
  "project" : null
}

    Given User create json request data             # UserAPISteps.user_create_json_request_data(DataTable)

{
    "createdAt": 1631825833,
    "employee_firstname": "John",
    "employee_lastname": "Smith",
    "employee_phonenumbe": "264-783-9453",
    "ademployee_emaildress": "johnSmith@gmail.com",
    "citemployee_addressy": "Reston",
    "stateemployee_dev_level": "Virginia",
    "employee_gender": "male",
    "employee_hire_date": "2025-10-31T163545.426Z",
    "employee_onleave": true,
    "tech_stack": null,
    "project": null,
    "id": "232"
}

    When User submit POST request                   # UserAPISteps.user_submit_POST_request()

    Then User validate statusCode is 201            # UserAPISteps.user_validate_statusCode_is(int)

Record ID: 232

    And User retrives recordID from response        # UserAPISteps.user_retrives_recordID_from_response()

{
    "createdAt": 1631825833,
    "employee_firstname": "John",
    "employee_lastname": "Smith",
    "employee_phonenumbe": "264-783-9453",
    "ademployee_emaildress": "johnSmith@gmail.com",
    "citemployee_addressy": "Reston",
    "stateemployee_dev_level": "Virginia",
    "employee_gender": "male",
    "employee_hire_date": "2025-10-31T163545.426Z",
    "employee_onleave": true,
    "tech_stack": null,
    "project": null,
    "id": "232"
}

    And User submits GET request with record ID     # UserAPISteps.user_submits_GET_request_with_record_ID()

    And User validates if user is created and exist # UserAPISteps.user_validates_if_user_is_created_and_exist()

    And User delete the record                      # UserAPISteps.user_delete_the_record()

]]></system-out>
    <system-err><![CDATA[SLF4J: Failed to load class "org.slf4j.impl.StaticLoggerBinder".
SLF4J: Defaulting to no-operation (NOP) logger implementation
SLF4J: See http://www.slf4j.org/codes.html#StaticLoggerBinder for further details.
]]></system-err>
  </testcase>
</testsuite>